23:32:59 **** Incremental Build of configuration Debug for project ch1 ****
make all 
Building file: ../ch1.c
Invoking: AVR Compiler
avr-gcc -Wall -g2 -gstabs -O0 -fpack-struct -fshort-enums -ffunction-sections -fdata-sections -std=gnu99 -funsigned-char -funsigned-bitfields -mmcu=atmega16 -DF_CPU=1000000UL -MMD -MP -MF"ch1.d" -MT"ch1.o" -c -o "ch1.o" "../ch1.c"
In file included from ../ch1.c:2:
c:/winavr-20100110/lib/gcc/../../avr/include/util/delay.h:90:3: warning: #warning "Compiler optimizations disabled; functions from <util/delay.h> won't work as designed"
Finished building: ../ch1.c
 
Building target: ch1.elf
Invoking: AVR C Linker
avr-gcc -Wl,-Map,ch1.map -mmcu=atmega16 -o "ch1.elf"  ./ch1.o   
Finished building target: ch1.elf
 
Invoking: AVR Create Extended Listing
avr-objdump -h -S ch1.elf  >"ch1.lss"
Finished building: ch1.lss
 
Invoking: Print Size
avr-size --format=avr --mcu=atmega16 ch1.elf
AVR Memory Usage
----------------
Device: atmega16

Program:    3306 bytes (20.2% Full)
(.text + .data + .bootloader)

Data:          8 bytes (0.8% Full)
(.data + .bss + .noinit)


Finished building: sizedummy
 

23:33:00 Build Finished. 0 errors, 1 warnings. (took 740ms)

