05:17:10 **** Incremental Build of configuration Debug for project ch5 ****
make all 
Building file: ../ch5.c
Invoking: AVR Compiler
avr-gcc -Wall -g2 -gstabs -O0 -fpack-struct -fshort-enums -ffunction-sections -fdata-sections -std=gnu99 -funsigned-char -funsigned-bitfields -mmcu=atmega16 -DF_CPU=1000000UL -MMD -MP -MF"ch5.d" -MT"ch5.o" -c -o "ch5.o" "../ch5.c"
In file included from ../ch5.c:2:
c:/winavr-20100110/lib/gcc/../../avr/include/util/delay.h:90:3: warning: #warning "Compiler optimizations disabled; functions from <util/delay.h> won't work as designed"
Finished building: ../ch5.c
 
Building target: ch5.elf
Invoking: AVR C Linker
avr-gcc -Wl,-Map,ch5.map -mmcu=atmega16 -o "ch5.elf"  ./ch5.o   
Finished building target: ch5.elf
 
Invoking: AVR Create Extended Listing
avr-objdump -h -S ch5.elf  >"ch5.lss"
Finished building: ch5.lss
 
Invoking: Print Size
avr-size --format=avr --mcu=atmega16 ch5.elf
AVR Memory Usage
----------------
Device: atmega16

Program:    3354 bytes (20.5% Full)
(.text + .data + .bootloader)

Data:          8 bytes (0.8% Full)
(.data + .bss + .noinit)


Finished building: sizedummy
 

05:17:11 Build Finished. 0 errors, 1 warnings. (took 457ms)

