23:32:57 **** Build of configuration Debug for project EX11 ****
make all 
Building file: ../ex1.c
Invoking: AVR Compiler
avr-gcc -Wall -g2 -gstabs -O0 -fpack-struct -fshort-enums -ffunction-sections -fdata-sections -std=gnu99 -funsigned-char -funsigned-bitfields -mmcu=atmega16 -DF_CPU=1000000UL -MMD -MP -MF"ex1.d" -MT"ex1.o" -c -o "ex1.o" "../ex1.c"
Finished building: ../ex1.c
 
Building target: EX11.elf
Invoking: AVR C Linker
avr-gcc -Wl,-Map,EX11.map -mmcu=atmega16 -o "EX11.elf"  ./ex1.o   
Finished building target: EX11.elf
 
Invoking: AVR Create Extended Listing
avr-objdump -h -S EX11.elf  >"EX11.lss"
Finished building: EX11.lss
 
Invoking: Print Size
avr-size --format=avr --mcu=atmega16 EX11.elf
AVR Memory Usage
----------------
Device: atmega16

Program:     198 bytes (1.2% Full)
(.text + .data + .bootloader)

Data:          0 bytes (0.0% Full)
(.data + .bss + .noinit)


Finished building: sizedummy
 

23:32:57 Build Finished. 0 errors, 0 warnings. (took 698ms)

