23:32:58 **** Build of configuration Debug for project EX3 ****
make all 
Building file: ../ex3.c
Invoking: AVR Compiler
avr-gcc -Wall -g2 -gstabs -O0 -fpack-struct -fshort-enums -ffunction-sections -fdata-sections -std=gnu99 -funsigned-char -funsigned-bitfields -mmcu=atmega16 -DF_CPU=1000000UL -MMD -MP -MF"ex3.d" -MT"ex3.o" -c -o "ex3.o" "../ex3.c"
In file included from ../ex3.c:2:
c:/winavr-20100110/lib/gcc/../../avr/include/util/delay.h:90:3: warning: #warning "Compiler optimizations disabled; functions from <util/delay.h> won't work as designed"
Finished building: ../ex3.c
 
Building target: EX3.elf
Invoking: AVR C Linker
avr-gcc -Wl,-Map,EX3.map -mmcu=atmega16 -o "EX3.elf"  ./ex3.o   
Finished building target: EX3.elf
 
Invoking: AVR Create Extended Listing
avr-objdump -h -S EX3.elf  >"EX3.lss"
Finished building: EX3.lss
 
Invoking: Print Size
avr-size --format=avr --mcu=atmega16 EX3.elf
AVR Memory Usage
----------------
Device: atmega16

Program:     260 bytes (1.6% Full)
(.text + .data + .bootloader)

Data:          0 bytes (0.0% Full)
(.data + .bss + .noinit)


Finished building: sizedummy
 

23:32:59 Build Finished. 0 errors, 1 warnings. (took 639ms)

