01:45:07 **** Incremental Build of configuration Debug for project ex_3_.c ****
make all 
Building file: ../ex_3_.c
Invoking: AVR Compiler
avr-gcc -Wall -g2 -gstabs -O0 -fpack-struct -fshort-enums -ffunction-sections -fdata-sections -std=gnu99 -funsigned-char -funsigned-bitfields -mmcu=atmega16 -DF_CPU=1000000UL -MMD -MP -MF"ex_3_.d" -MT"ex_3_.o" -c -o "ex_3_.o" "../ex_3_.c"
In file included from ../ex_3_.c:2:
c:/winavr-20100110/lib/gcc/../../avr/include/util/delay.h:90:3: warning: #warning "Compiler optimizations disabled; functions from <util/delay.h> won't work as designed"
Finished building: ../ex_3_.c
 
Building target: ex_3_.c.elf
Invoking: AVR C Linker
avr-gcc -Wl,-Map,ex_3_.c.map -mmcu=atmega16 -o "ex_3_.c.elf"  ./ex_3_.o   
Finished building target: ex_3_.c.elf
 
Invoking: AVR Create Extended Listing
avr-objdump -h -S ex_3_.c.elf  >"ex_3_.c.lss"
Finished building: ex_3_.c.lss
 
Invoking: Print Size
avr-size --format=avr --mcu=atmega16 ex_3_.c.elf
AVR Memory Usage
----------------
Device: atmega16

Program:     328 bytes (2.0% Full)
(.text + .data + .bootloader)

Data:          1 bytes (0.1% Full)
(.data + .bss + .noinit)


Finished building: sizedummy
 

01:45:08 Build Finished. 0 errors, 1 warnings. (took 688ms)

