16:13:45 **** Incremental Build of configuration Debug for project int_challenge ****
make all 
Building file: ../ch2.c
Invoking: AVR Compiler
avr-gcc -Wall -g2 -gstabs -O0 -fpack-struct -fshort-enums -ffunction-sections -fdata-sections -std=gnu99 -funsigned-char -funsigned-bitfields -mmcu=atmega16 -DF_CPU=1000000UL -MMD -MP -MF"ch2.d" -MT"ch2.o" -c -o "ch2.o" "../ch2.c"
In file included from ../ch2.c:2:
c:/winavr-20100110/lib/gcc/../../avr/include/util/delay.h:90:3: warning: #warning "Compiler optimizations disabled; functions from <util/delay.h> won't work as designed"
Finished building: ../ch2.c
 
Building target: int_challenge.elf
Invoking: AVR C Linker
avr-gcc -Wl,-Map,int_challenge.map -mmcu=atmega16 -o "int_challenge.elf"  ./ch2.o   
Finished building target: int_challenge.elf
 
Invoking: AVR Create Extended Listing
avr-objdump -h -S int_challenge.elf  >"int_challenge.lss"
Finished building: int_challenge.lss
 
Invoking: Print Size
avr-size --format=avr --mcu=atmega16 int_challenge.elf
AVR Memory Usage
----------------
Device: atmega16

Program:     360 bytes (2.2% Full)
(.text + .data + .bootloader)

Data:          2 bytes (0.2% Full)
(.data + .bss + .noinit)


Finished building: sizedummy
 

16:13:45 Build Finished. 0 errors, 1 warnings. (took 705ms)

