17:12:44 **** Incremental Build of configuration Debug for project timer1 ****
make all 
Building file: ../timer1.c
Invoking: AVR Compiler
avr-gcc -Wall -g2 -gstabs -O0 -fpack-struct -fshort-enums -ffunction-sections -fdata-sections -std=gnu99 -funsigned-char -funsigned-bitfields -mmcu=atmega16 -DF_CPU=1000000UL -MMD -MP -MF"timer1.d" -MT"timer1.o" -c -o "timer1.o" "../timer1.c"
In file included from ../timer1.c:2:
c:/winavr-20100110/lib/gcc/../../avr/include/util/delay.h:90:3: warning: #warning "Compiler optimizations disabled; functions from <util/delay.h> won't work as designed"
Finished building: ../timer1.c
 
Building target: timer1.elf
Invoking: AVR C Linker
avr-gcc -Wl,-Map,timer1.map -mmcu=atmega16 -o "timer1.elf"  ./timer1.o   
Finished building target: timer1.elf
 
Invoking: AVR Create Extended Listing
avr-objdump -h -S timer1.elf  >"timer1.lss"
Finished building: timer1.lss
 
Invoking: Print Size
avr-size --format=avr --mcu=atmega16 timer1.elf
AVR Memory Usage
----------------
Device: atmega16

Program:     264 bytes (1.6% Full)
(.text + .data + .bootloader)

Data:          0 bytes (0.0% Full)
(.data + .bss + .noinit)


Finished building: sizedummy
 

17:12:45 Build Finished. 0 errors, 1 warnings. (took 644ms)

