17:27:19 **** Incremental Build of configuration Debug for project timer1_int_ex ****
make all 
Building file: ../timer1.c
Invoking: AVR Compiler
avr-gcc -Wall -g2 -gstabs -O0 -fpack-struct -fshort-enums -ffunction-sections -fdata-sections -std=gnu99 -funsigned-char -funsigned-bitfields -mmcu=atmega16 -DF_CPU=1000000UL -MMD -MP -MF"timer1.d" -MT"timer1.o" -c -o "timer1.o" "../timer1.c"
In file included from ../timer1.c:2:
c:/winavr-20100110/lib/gcc/../../avr/include/util/delay.h:90:3: warning: #warning "Compiler optimizations disabled; functions from <util/delay.h> won't work as designed"
Finished building: ../timer1.c
 
Building target: timer1_int_ex.elf
Invoking: AVR C Linker
avr-gcc -Wl,-Map,timer1_int_ex.map -mmcu=atmega16 -o "timer1_int_ex.elf"  ./timer1.o   
Finished building target: timer1_int_ex.elf
 
Invoking: AVR Create Extended Listing
avr-objdump -h -S timer1_int_ex.elf  >"timer1_int_ex.lss"
Finished building: timer1_int_ex.lss
 
Invoking: Print Size
avr-size --format=avr --mcu=atmega16 timer1_int_ex.elf
AVR Memory Usage
----------------
Device: atmega16

Program:     338 bytes (2.1% Full)
(.text + .data + .bootloader)

Data:          2 bytes (0.2% Full)
(.data + .bss + .noinit)


Finished building: sizedummy
 

17:27:20 Build Finished. 0 errors, 1 warnings. (took 658ms)

